C51 COMPILER V9.03   AMUX                                                                  04/29/2016 13:04:51 PAGE 1   


C51 COMPILER V9.03, COMPILATION OF MODULE AMUX
OBJECT MODULE PLACED IN .\DP8051\DP8051_Keil_903\Debug\AMux.obj
COMPILER INVOKED BY: C:\Program Files\Cypress\PSoC Creator\2.1\PSoC Creator\import\keil\pk51\9.03\C51\BIN\c51.exe .\Gene
                    -rated_Source\PSoC3\AMux.c NOIV LARGE MODDP2 OMF2 VB(1) PR(.\DP8051\DP8051_Keil_903\Debug\AMux.lst) CD DB NOIP OT(2,SIZE)
                    - INCDIR(Generated_Source\PSoC3) OJ(.\DP8051\DP8051_Keil_903\Debug\AMux.obj)

line level    source

   1          /*******************************************************************************
   2          * File Name: AMux.c
   3          * Version 1.60
   4          *
   5          *  Description:
   6          *    This file contains all functions required for the analog multiplexer
   7          *    AMux User Module.
   8          *
   9          *   Note:
  10          *
  11          *******************************************************************************
  12          * Copyright 2008-2010, Cypress Semiconductor Corporation.  All rights reserved.
  13          * You may use this file only in accordance with the license, terms, conditions, 
  14          * disclaimers, and limitations in the end user license agreement accompanying 
  15          * the software package with which this file was provided.
  16          ********************************************************************************/
  17          
  18          #include "AMux.h"
  19          
  20          uint8 AMux_lastChannel = AMux_NULL_CHANNEL;
  21          
  22          
  23          /*******************************************************************************
  24          * Function Name: AMux_Start
  25          ********************************************************************************
  26          * Summary:
  27          *  Disconnect all channels.
  28          *
  29          * Parameters:
  30          *  void
  31          *
  32          * Return:
  33          *  void
  34          *
  35          *******************************************************************************/
  36          void AMux_Start(void)
  37          {
  38   1          uint8 chan;
  39   1      
  40   1          for(chan = 0; chan < AMux_CHANNELS ; chan++)
  41   1          {
  42   2      #if(AMux_MUXTYPE == AMux_MUX_SINGLE)
  43   2              AMux_Unset(chan);
  44   2      #else
                      AMux_CYAMUXSIDE_A_Unset(chan);
                      AMux_CYAMUXSIDE_B_Unset(chan);
              #endif
  48   2          }
  49   1      
  50   1              AMux_lastChannel = AMux_NULL_CHANNEL;
  51   1      }
  52          
  53          
C51 COMPILER V9.03   AMUX                                                                  04/29/2016 13:04:51 PAGE 2   

  54          #if(!AMux_ATMOSTONE)
              /*******************************************************************************
              * Function Name: AMux_Select
              ********************************************************************************
              * Summary:
              *  This functions first disconnects all channels then connects the given
              *  channel.
              *
              * Parameters:
              *  channel:  The channel to connect to the common terminal.
              *
              * Return:
              *  void
              *
              *******************************************************************************/
              void AMux_Select(uint8 channel) 
              {
                  AMux_DisconnectAll();        /* Disconnect all previous connections */
                  AMux_Connect(channel);       /* Make the given selection */
                  AMux_lastChannel = channel;  /* Update last channel */
              }
              #endif
  76          
  77          
  78          /*******************************************************************************
  79          * Function Name: AMux_FastSelect
  80          ********************************************************************************
  81          * Summary:
  82          *  This function first disconnects the last connection made with FastSelect or
  83          *  Select, then connects the given channel. The FastSelect function is similar
  84          *  to the Select function, except it is faster since it only disconnects the
  85          *  last channel selected rather than all channels.
  86          *
  87          * Parameters:
  88          *  channel:  The channel to connect to the common terminal.
  89          *
  90          * Return:
  91          *  void
  92          *
  93          *******************************************************************************/
  94          void AMux_FastSelect(uint8 channel) 
  95          {
  96   1          /* Disconnect the last valid channel */
  97   1          if( AMux_lastChannel != AMux_NULL_CHANNEL)
  98   1          {
  99   2              AMux_Disconnect(AMux_lastChannel);
 100   2          }
 101   1      
 102   1          /* Make the new channel connection */
 103   1      #if(AMux_MUXTYPE == AMux_MUX_SINGLE)
 104   1          AMux_Set(channel);
 105   1      #else
                  AMux_CYAMUXSIDE_A_Set(channel);
                  AMux_CYAMUXSIDE_B_Set(channel);
              #endif
 109   1      
 110   1      
 111   1              AMux_lastChannel = channel;   /* Update last channel */
 112   1      }
 113          
 114          
 115          #if(AMux_MUXTYPE == AMux_MUX_DIFF)
C51 COMPILER V9.03   AMUX                                                                  04/29/2016 13:04:51 PAGE 3   

              #if(!AMux_ATMOSTONE)
              /*******************************************************************************
              * Function Name: AMux_Connect
              ********************************************************************************
              * Summary:
              *  This function connects the given channel without affecting other connections.
              *
              * Parameters:
              *  channel:  The channel to connect to the common terminal.
              *
              * Return:
              *  void
              *
              *******************************************************************************/
              void AMux_Connect(uint8 channel) 
              {
                  AMux_CYAMUXSIDE_A_Set(channel);
                  AMux_CYAMUXSIDE_B_Set(channel);
              }
              #endif
              
              /*******************************************************************************
              * Function Name: AMux_Disconnect
              ********************************************************************************
              * Summary:
              *  This function disconnects the given channel from the common or output
              *  terminal without affecting other connections.
              *
              * Parameters:
              *  channel:  The channel to disconnect from the common terminal.
              *
              * Return:
              *  void
              *
              *******************************************************************************/
              void AMux_Disconnect(uint8 channel) 
              {
                  AMux_CYAMUXSIDE_A_Unset(channel);
                  AMux_CYAMUXSIDE_B_Unset(channel);
              }
              #endif
 157          
 158          #if(AMux_ATMOSTONE)
 159          /*******************************************************************************
 160          * Function Name: AMux_DisconnectAll
 161          ********************************************************************************
 162          * Summary:
 163          *  This function disconnects all channels.
 164          *
 165          * Parameters:
 166          *  void
 167          *
 168          * Return:
 169          *  void
 170          *
 171          *******************************************************************************/
 172          void AMux_DisconnectAll(void) 
 173          {
 174   1          if(AMux_lastChannel != AMux_NULL_CHANNEL) 
 175   1          {
 176   2              AMux_Disconnect(AMux_lastChannel);
 177   2                      AMux_lastChannel = AMux_NULL_CHANNEL;
C51 COMPILER V9.03   AMUX                                                                  04/29/2016 13:04:51 PAGE 4   

 178   2          }
 179   1      }
 180          #endif
 181          
 182          /* [] END OF FILE */
C51 COMPILER V9.03   AMUX                                                                  04/29/2016 13:04:51 PAGE 5   

ASSEMBLY LISTING OF GENERATED OBJECT CODE


             ; FUNCTION AMux_Start (BEGIN)
                                           ; SOURCE LINE # 36
                                           ; SOURCE LINE # 37
                                           ; SOURCE LINE # 40
0000 900000      R     MOV     DPTR,#chan
0003 E4                CLR     A
0004 F0                MOVX    @DPTR,A
0005         ?C0001:
0005 900000      R     MOV     DPTR,#chan
0008 E0                MOVX    A,@DPTR
0009 FF                MOV     R7,A
000A EF                MOV     A,R7
000B C3                CLR     C
000C 9402              SUBB    A,#02H
000E 5010              JNC     ?C0002
                                           ; SOURCE LINE # 41
                                           ; SOURCE LINE # 43
0010 900000      R     MOV     DPTR,#chan
0013 E0                MOVX    A,@DPTR
0014 FF                MOV     R7,A
0015 120000      E     LCALL   _AMux_Unset
                                           ; SOURCE LINE # 48
0018 900000      R     MOV     DPTR,#chan
001B E0                MOVX    A,@DPTR
001C 04                INC     A
001D F0                MOVX    @DPTR,A
001E 80E5              SJMP    ?C0001
0020         ?C0002:
                                           ; SOURCE LINE # 50
0020 900000      R     MOV     DPTR,#AMux_lastChannel
0023 74FF              MOV     A,#0FFH
0025 F0                MOVX    @DPTR,A
                                           ; SOURCE LINE # 51
0026 22                RET     
             ; FUNCTION AMux_Start (END)

             ; FUNCTION _AMux_FastSelect (BEGIN)
                                           ; SOURCE LINE # 94
0000 900000      R     MOV     DPTR,#channel
0003 EF                MOV     A,R7
0004 F0                MOVX    @DPTR,A
                                           ; SOURCE LINE # 95
                                           ; SOURCE LINE # 97
0005 900000      R     MOV     DPTR,#AMux_lastChannel
0008 E0                MOVX    A,@DPTR
0009 FF                MOV     R7,A
000A EF                MOV     A,R7
000B 64FF              XRL     A,#0FFH
000D 6008              JZ      ?C0005
                                           ; SOURCE LINE # 98
                                           ; SOURCE LINE # 99
000F 900000      R     MOV     DPTR,#AMux_lastChannel
0012 E0                MOVX    A,@DPTR
0013 FF                MOV     R7,A
0014 120000      E     LCALL   _AMux_Unset
                                           ; SOURCE LINE # 100
0017         ?C0005:
                                           ; SOURCE LINE # 104
0017 900000      R     MOV     DPTR,#channel
C51 COMPILER V9.03   AMUX                                                                  04/29/2016 13:04:51 PAGE 6   

001A E0                MOVX    A,@DPTR
001B FF                MOV     R7,A
001C 120000      E     LCALL   _AMux_Set
                                           ; SOURCE LINE # 111
001F 900000      R     MOV     DPTR,#channel
0022 E0                MOVX    A,@DPTR
0023 FF                MOV     R7,A
0024 900000      R     MOV     DPTR,#AMux_lastChannel
0027 EF                MOV     A,R7
0028 F0                MOVX    @DPTR,A
                                           ; SOURCE LINE # 112
0029 22                RET     
             ; FUNCTION _AMux_FastSelect (END)

             ; FUNCTION AMux_DisconnectAll (BEGIN)
                                           ; SOURCE LINE # 172
                                           ; SOURCE LINE # 173
                                           ; SOURCE LINE # 174
0000 900000      R     MOV     DPTR,#AMux_lastChannel
0003 E0                MOVX    A,@DPTR
0004 FF                MOV     R7,A
0005 EF                MOV     A,R7
0006 64FF              XRL     A,#0FFH
0008 600E              JZ      ?C0008
                                           ; SOURCE LINE # 175
                                           ; SOURCE LINE # 176
000A 900000      R     MOV     DPTR,#AMux_lastChannel
000D E0                MOVX    A,@DPTR
000E FF                MOV     R7,A
000F 120000      E     LCALL   _AMux_Unset
                                           ; SOURCE LINE # 177
0012 900000      R     MOV     DPTR,#AMux_lastChannel
0015 74FF              MOV     A,#0FFH
0017 F0                MOVX    @DPTR,A
                                           ; SOURCE LINE # 178
                                           ; SOURCE LINE # 179
0018         ?C0008:
0018 22                RET     
             ; FUNCTION AMux_DisconnectAll (END)



MODULE INFORMATION:   STATIC OVERLAYABLE
   CODE SIZE        =    106    ----
   CONSTANT SIZE    =   ----    ----
   XDATA SIZE       =      1       2
   PDATA SIZE       =   ----    ----
   DATA SIZE        =   ----    ----
   IDATA SIZE       =   ----    ----
   BIT SIZE         =   ----    ----
   EDATA SIZE       =   ----    ----
   HDATA SIZE       =   ----    ----
   XDATA CONST SIZE =   ----    ----
   FAR CONST SIZE   =   ----    ----
END OF MODULE INFORMATION.


C51 COMPILATION COMPLETE.  0 WARNING(S),  0 ERROR(S)
