C51 COMPILER V9.03   AMUX_SEL_PM                                                           04/29/2016 14:40:27 PAGE 1   


C51 COMPILER V9.03, COMPILATION OF MODULE AMUX_SEL_PM
OBJECT MODULE PLACED IN .\DP8051\DP8051_Keil_903\Debug\AMux_Sel_PM.obj
COMPILER INVOKED BY: C:\Program Files\Cypress\PSoC Creator\2.1\PSoC Creator\import\keil\pk51\9.03\C51\BIN\c51.exe .\Gene
                    -rated_Source\PSoC3\AMux_Sel_PM.c NOIV LARGE MODDP2 OMF2 VB(1) PR(.\DP8051\DP8051_Keil_903\Debug\AMux_Sel_PM.lst) CD DB N
                    -OIP OT(2,SIZE) INCDIR(Generated_Source\PSoC3) OJ(.\DP8051\DP8051_Keil_903\Debug\AMux_Sel_PM.obj)

line level    source

   1          /*******************************************************************************
   2          * File Name: AMux_Sel_PM.c
   3          * Version 2.20
   4          *
   5          * Description:
   6          *  This file provides the power management source code to API for the
   7          *  PWM.
   8          *
   9          * Note:
  10          *
  11          ********************************************************************************
  12          * Copyright 2008-2012, Cypress Semiconductor Corporation.  All rights reserved.
  13          * You may use this file only in accordance with the license, terms, conditions,
  14          * disclaimers, and limitations in the end user license agreement accompanying
  15          * the software package with which this file was provided.
  16          *******************************************************************************/
  17          #include "cytypes.h"
  18          #include "AMux_Sel.h"
  19          
  20          static AMux_Sel_backupStruct AMux_Sel_backup;
  21          
  22          
  23          /*******************************************************************************
  24          * Function Name: AMux_Sel_SaveConfig
  25          ********************************************************************************
  26          *
  27          * Summary:
  28          *  Saves the current user configuration of the component.
  29          *  
  30          * Parameters:  
  31          *  void
  32          *
  33          * Return: 
  34          *  void
  35          *
  36          * Global variables:
  37          *  AMux_Sel_backup:  Variables of this global structure are modified to 
  38          *  store the values of non retention configuration registers when Sleep() API is 
  39          *  called.
  40          *
  41          *******************************************************************************/
  42          void AMux_Sel_SaveConfig(void) 
  43          {
  44   1          
  45   1          #if(!AMux_Sel_UsingFixedFunction)
  46   1              #if (CY_PSOC5A)
                          AMux_Sel_backup.PWMUdb = AMux_Sel_ReadCounter();
                          AMux_Sel_backup.PWMPeriod = AMux_Sel_ReadPeriod();
                          #if (AMux_Sel_UseStatus)
                              AMux_Sel_backup.InterruptMaskValue = AMux_Sel_STATUS_MASK;
                          #endif /* (AMux_Sel_UseStatus) */
                          
                          #if(AMux_Sel_UseOneCompareMode)
C51 COMPILER V9.03   AMUX_SEL_PM                                                           04/29/2016 14:40:27 PAGE 2   

                              AMux_Sel_backup.PWMCompareValue = AMux_Sel_ReadCompare();
                          #else
                              AMux_Sel_backup.PWMCompareValue1 = AMux_Sel_ReadCompare1();
                              AMux_Sel_backup.PWMCompareValue2 = AMux_Sel_ReadCompare2();
                          #endif /* (AMux_Sel_UseOneCompareMode) */
                          
                         #if(AMux_Sel_DeadBandUsed)
                              AMux_Sel_backup.PWMdeadBandValue = AMux_Sel_ReadDeadTime();
                          #endif /* (AMux_Sel_DeadBandUsed) */
                        
                          #if ( AMux_Sel_KillModeMinTime)
                              AMux_Sel_backup.PWMKillCounterPeriod = AMux_Sel_ReadKillTime();
                          #endif /* ( AMux_Sel_KillModeMinTime) */
                      #endif /* (CY_PSOC5A) */
  68   1              
  69   1              #if (CY_PSOC3 || CY_PSOC5LP)
  70   1                  #if(!AMux_Sel_PWMModeIsCenterAligned)
  71   1                      AMux_Sel_backup.PWMPeriod = AMux_Sel_ReadPeriod();
  72   1                  #endif /* (!AMux_Sel_PWMModeIsCenterAligned) */
  73   1                  AMux_Sel_backup.PWMUdb = AMux_Sel_ReadCounter();
  74   1                  #if (AMux_Sel_UseStatus)
                              AMux_Sel_backup.InterruptMaskValue = AMux_Sel_STATUS_MASK;
                          #endif /* (AMux_Sel_UseStatus) */
  77   1                  
  78   1                  #if(AMux_Sel_DeadBandMode == AMux_Sel__B_PWM__DBM_256_CLOCKS || \
  79   1                      AMux_Sel_DeadBandMode == AMux_Sel__B_PWM__DBM_2_4_CLOCKS)
                              AMux_Sel_backup.PWMdeadBandValue = AMux_Sel_ReadDeadTime();
                          #endif /*  deadband count is either 2-4 clocks or 256 clocks */
  82   1                  
  83   1                  #if(AMux_Sel_KillModeMinTime)
                               AMux_Sel_backup.PWMKillCounterPeriod = AMux_Sel_ReadKillTime();
                          #endif /* (AMux_Sel_KillModeMinTime) */
  86   1              #endif /* (CY_PSOC3 || CY_PSOC5LP) */
  87   1              
  88   1              #if(AMux_Sel_UseControl)
  89   1                  AMux_Sel_backup.PWMControlRegister = AMux_Sel_ReadControlRegister();
  90   1              #endif /* (AMux_Sel_UseControl) */
  91   1          #endif  /* (!AMux_Sel_UsingFixedFunction) */
  92   1      }
  93          
  94          
  95          /*******************************************************************************
  96          * Function Name: AMux_Sel_RestoreConfig
  97          ********************************************************************************
  98          * 
  99          * Summary:
 100          *  Restores the current user configuration of the component.
 101          *
 102          * Parameters:  
 103          *  void
 104          *
 105          * Return: 
 106          *  void
 107          *
 108          * Global variables:
 109          *  AMux_Sel_backup:  Variables of this global structure are used to  
 110          *  restore the values of non retention registers on wakeup from sleep mode.
 111          *
 112          *******************************************************************************/
 113          void AMux_Sel_RestoreConfig(void) 
 114          {
 115   1              #if(!AMux_Sel_UsingFixedFunction)
C51 COMPILER V9.03   AMUX_SEL_PM                                                           04/29/2016 14:40:27 PAGE 3   

 116   1                  #if (CY_PSOC5A)
                              /* Interrupt State Backup for Critical Region*/
                              uint8 AMux_Sel_interruptState;
                              /* Enter Critical Region*/
                              AMux_Sel_interruptState = CyEnterCriticalSection();
                              #if (AMux_Sel_UseStatus)
                                  /* Use the interrupt output of the status register for IRQ output */
                                  AMux_Sel_STATUS_AUX_CTRL |= AMux_Sel_STATUS_ACTL_INT_EN_MASK;
                                  
                                  AMux_Sel_STATUS_MASK = AMux_Sel_backup.InterruptMaskValue;
                              #endif /* (AMux_Sel_UseStatus) */
                              
                              #if (AMux_Sel_Resolution == 8)
                                  /* Set FIFO 0 to 1 byte register for period*/
                                  AMux_Sel_AUX_CONTROLDP0 |= (AMux_Sel_AUX_CTRL_FIFO0_CLR);
                              #else /* (AMux_Sel_Resolution == 16)*/
                                  /* Set FIFO 0 to 1 byte register for period */
                                  AMux_Sel_AUX_CONTROLDP0 |= (AMux_Sel_AUX_CTRL_FIFO0_CLR);
                                  AMux_Sel_AUX_CONTROLDP1 |= (AMux_Sel_AUX_CTRL_FIFO0_CLR);
                              #endif /* (AMux_Sel_Resolution == 8) */
                              /* Exit Critical Region*/
                              CyExitCriticalSection(AMux_Sel_interruptState);
                              
                              AMux_Sel_WriteCounter(AMux_Sel_backup.PWMUdb);
                              AMux_Sel_WritePeriod(AMux_Sel_backup.PWMPeriod);
                              
                              #if(AMux_Sel_UseOneCompareMode)
                                  AMux_Sel_WriteCompare(AMux_Sel_backup.PWMCompareValue);
                              #else
                                  AMux_Sel_WriteCompare1(AMux_Sel_backup.PWMCompareValue1);
                                  AMux_Sel_WriteCompare2(AMux_Sel_backup.PWMCompareValue2);
                              #endif /* (AMux_Sel_UseOneCompareMode) */
                              
                             #if(AMux_Sel_DeadBandMode == AMux_Sel__B_PWM__DBM_256_CLOCKS || \
                                 AMux_Sel_DeadBandMode == AMux_Sel__B_PWM__DBM_2_4_CLOCKS)
                                  AMux_Sel_WriteDeadTime(AMux_Sel_backup.PWMdeadBandValue);
                              #endif /* deadband count is either 2-4 clocks or 256 clocks */
                          
                              #if ( AMux_Sel_KillModeMinTime)
                                  AMux_Sel_WriteKillTime(AMux_Sel_backup.PWMKillCounterPeriod);
                              #endif /* ( AMux_Sel_KillModeMinTime) */
                          #endif /* (CY_PSOC5A) */
 158   1                  
 159   1                  #if (CY_PSOC3 || CY_PSOC5LP)
 160   1                      #if(!AMux_Sel_PWMModeIsCenterAligned)
 161   1                          AMux_Sel_WritePeriod(AMux_Sel_backup.PWMPeriod);
 162   1                      #endif /* (!AMux_Sel_PWMModeIsCenterAligned) */
 163   1                      AMux_Sel_WriteCounter(AMux_Sel_backup.PWMUdb);
 164   1                      #if (AMux_Sel_UseStatus)
                                  AMux_Sel_STATUS_MASK = AMux_Sel_backup.InterruptMaskValue;
                              #endif /* (AMux_Sel_UseStatus) */
 167   1                      
 168   1                      #if(AMux_Sel_DeadBandMode == AMux_Sel__B_PWM__DBM_256_CLOCKS || \
 169   1                          AMux_Sel_DeadBandMode == AMux_Sel__B_PWM__DBM_2_4_CLOCKS)
                                  AMux_Sel_WriteDeadTime(AMux_Sel_backup.PWMdeadBandValue);
                              #endif /* deadband count is either 2-4 clocks or 256 clocks */
 172   1                      
 173   1                      #if(AMux_Sel_KillModeMinTime)
                                  AMux_Sel_WriteKillTime(AMux_Sel_backup.PWMKillCounterPeriod);
                              #endif /* (AMux_Sel_KillModeMinTime) */
 176   1                  #endif /* (CY_PSOC3 || CY_PSOC5LP) */
 177   1                  
C51 COMPILER V9.03   AMUX_SEL_PM                                                           04/29/2016 14:40:27 PAGE 4   

 178   1                  #if(AMux_Sel_UseControl)
 179   1                      AMux_Sel_WriteControlRegister(AMux_Sel_backup.PWMControlRegister); 
 180   1                  #endif /* (AMux_Sel_UseControl) */
 181   1              #endif  /* (!AMux_Sel_UsingFixedFunction) */
 182   1          }
 183          
 184          
 185          /*******************************************************************************
 186          * Function Name: AMux_Sel_Sleep
 187          ********************************************************************************
 188          * 
 189          * Summary:
 190          *  Disables block's operation and saves the user configuration. Should be called 
 191          *  just prior to entering sleep.
 192          *  
 193          * Parameters:  
 194          *  void
 195          *
 196          * Return: 
 197          *  void
 198          *
 199          * Global variables:
 200          *  AMux_Sel_backup.PWMEnableState:  Is modified depending on the enable 
 201          *  state of the block before entering sleep mode.
 202          *
 203          *******************************************************************************/
 204          void AMux_Sel_Sleep(void) 
 205          {
 206   1          #if(AMux_Sel_UseControl)
 207   1              if(AMux_Sel_CTRL_ENABLE == (AMux_Sel_CONTROL & AMux_Sel_CTRL_ENABLE))
 208   1              {
 209   2                  /*Component is enabled */
 210   2                  AMux_Sel_backup.PWMEnableState = 1u;
 211   2              }
 212   1              else
 213   1              {
 214   2                  /* Component is disabled */
 215   2                  AMux_Sel_backup.PWMEnableState = 0u;
 216   2              }
 217   1          #endif /* (AMux_Sel_UseControl) */
 218   1          /* Stop component */
 219   1          AMux_Sel_Stop();
 220   1          
 221   1          /* Save registers configuration */
 222   1          AMux_Sel_SaveConfig();
 223   1      }
 224          
 225          
 226          /*******************************************************************************
 227          * Function Name: AMux_Sel_Wakeup
 228          ********************************************************************************
 229          * 
 230          * Summary:
 231          *  Restores and enables the user configuration. Should be called just after 
 232          *  awaking from sleep.
 233          *  
 234          * Parameters:  
 235          *  void
 236          *
 237          * Return: 
 238          *  void
 239          *
C51 COMPILER V9.03   AMUX_SEL_PM                                                           04/29/2016 14:40:27 PAGE 5   

 240          * Global variables:
 241          *  AMux_Sel_backup.pwmEnable:  Is used to restore the enable state of 
 242          *  block on wakeup from sleep mode.
 243          *
 244          *******************************************************************************/
 245          void AMux_Sel_Wakeup(void) 
 246          {
 247   1           /* Restore registers values */
 248   1          AMux_Sel_RestoreConfig();
 249   1          
 250   1          if(AMux_Sel_backup.PWMEnableState != 0u)
 251   1          {
 252   2              /* Enable component's operation */
 253   2              AMux_Sel_Enable();
 254   2          } /* Do nothing if component's block was disabled before */
 255   1          
 256   1      }
 257          
 258          
 259          /* [] END OF FILE */
C51 COMPILER V9.03   AMUX_SEL_PM                                                           04/29/2016 14:40:27 PAGE 6   

ASSEMBLY LISTING OF GENERATED OBJECT CODE


             ; FUNCTION AMux_Sel_SaveConfig (BEGIN)
                                           ; SOURCE LINE # 42
                                           ; SOURCE LINE # 43
                                           ; SOURCE LINE # 71
0000 906549            MOV     DPTR,#06549H
0003 E0                MOVX    A,@DPTR
0004 FF                MOV     R7,A
0005 900000      R     MOV     DPTR,#AMux_Sel_backup+02H
0008 EF                MOV     A,R7
0009 F0                MOVX    @DPTR,A
                                           ; SOURCE LINE # 73
000A 120000      E     LCALL   AMux_Sel_ReadCounter
000D 900000      R     MOV     DPTR,#AMux_Sel_backup+01H
0010 EF                MOV     A,R7
0011 F0                MOVX    @DPTR,A
                                           ; SOURCE LINE # 89
0012 906479            MOV     DPTR,#06479H
0015 E0                MOVX    A,@DPTR
0016 FF                MOV     R7,A
0017 900000      R     MOV     DPTR,#AMux_Sel_backup+03H
001A EF                MOV     A,R7
001B F0                MOVX    @DPTR,A
                                           ; SOURCE LINE # 92
001C 22                RET     
             ; FUNCTION AMux_Sel_SaveConfig (END)

             ; FUNCTION AMux_Sel_RestoreConfig (BEGIN)
                                           ; SOURCE LINE # 113
                                           ; SOURCE LINE # 114
                                           ; SOURCE LINE # 161
0000 900000      R     MOV     DPTR,#AMux_Sel_backup+02H
0003 E0                MOVX    A,@DPTR
0004 FF                MOV     R7,A
0005 120000      E     LCALL   _AMux_Sel_WritePeriod
                                           ; SOURCE LINE # 163
0008 900000      R     MOV     DPTR,#AMux_Sel_backup+01H
000B E0                MOVX    A,@DPTR
000C FF                MOV     R7,A
000D 120000      E     LCALL   _AMux_Sel_WriteCounter
                                           ; SOURCE LINE # 179
0010 900000      R     MOV     DPTR,#AMux_Sel_backup+03H
0013 E0                MOVX    A,@DPTR
0014 FF                MOV     R7,A
0015 906479            MOV     DPTR,#06479H
0018 EF                MOV     A,R7
0019 F0                MOVX    @DPTR,A
                                           ; SOURCE LINE # 182
001A 22                RET     
             ; FUNCTION AMux_Sel_RestoreConfig (END)

             ; FUNCTION AMux_Sel_Sleep (BEGIN)
                                           ; SOURCE LINE # 204
                                           ; SOURCE LINE # 205
                                           ; SOURCE LINE # 207
0000 906479            MOV     DPTR,#06479H
0003 E0                MOVX    A,@DPTR
0004 FF                MOV     R7,A
0005 EF                MOV     A,R7
0006 5480              ANL     A,#080H
C51 COMPILER V9.03   AMUX_SEL_PM                                                           04/29/2016 14:40:27 PAGE 7   

0008 FF                MOV     R7,A
0009 7E00              MOV     R6,#00H
000B EF                MOV     A,R7
000C 6480              XRL     A,#080H
000E 4E                ORL     A,R6
000F 7008              JNZ     ?C0003
                                           ; SOURCE LINE # 208
                                           ; SOURCE LINE # 210
0011 900000      R     MOV     DPTR,#AMux_Sel_backup
0014 7401              MOV     A,#01H
0016 F0                MOVX    @DPTR,A
                                           ; SOURCE LINE # 211
0017 8005              SJMP    ?C0004
0019         ?C0003:
                                           ; SOURCE LINE # 213
                                           ; SOURCE LINE # 215
0019 900000      R     MOV     DPTR,#AMux_Sel_backup
001C E4                CLR     A
001D F0                MOVX    @DPTR,A
                                           ; SOURCE LINE # 216
001E         ?C0004:
                                           ; SOURCE LINE # 219
001E 120000      E     LCALL   AMux_Sel_Stop
                                           ; SOURCE LINE # 222
0021 120000      R     LCALL   AMux_Sel_SaveConfig
                                           ; SOURCE LINE # 223
0024 22                RET     
             ; FUNCTION AMux_Sel_Sleep (END)

             ; FUNCTION AMux_Sel_Wakeup (BEGIN)
                                           ; SOURCE LINE # 245
                                           ; SOURCE LINE # 246
                                           ; SOURCE LINE # 248
0000 120000      R     LCALL   AMux_Sel_RestoreConfig
                                           ; SOURCE LINE # 250
0003 900000      R     MOV     DPTR,#AMux_Sel_backup
0006 E0                MOVX    A,@DPTR
0007 FF                MOV     R7,A
0008 EF                MOV     A,R7
0009 6003              JZ      ?C0007
                                           ; SOURCE LINE # 251
                                           ; SOURCE LINE # 253
000B 120000      E     LCALL   AMux_Sel_Enable
                                           ; SOURCE LINE # 254
                                           ; SOURCE LINE # 256
000E         ?C0007:
000E 22                RET     
             ; FUNCTION AMux_Sel_Wakeup (END)



MODULE INFORMATION:   STATIC OVERLAYABLE
   CODE SIZE        =    108    ----
   CONSTANT SIZE    =   ----    ----
   XDATA SIZE       =      4    ----
   PDATA SIZE       =   ----    ----
   DATA SIZE        =   ----    ----
   IDATA SIZE       =   ----    ----
   BIT SIZE         =   ----    ----
   EDATA SIZE       =   ----    ----
   HDATA SIZE       =   ----    ----
   XDATA CONST SIZE =   ----    ----
C51 COMPILER V9.03   AMUX_SEL_PM                                                           04/29/2016 14:40:27 PAGE 8   

   FAR CONST SIZE   =   ----    ----
END OF MODULE INFORMATION.


C51 COMPILATION COMPLETE.  0 WARNING(S),  0 ERROR(S)
