#***************************************************************************

#sjplacer

#Version:            1.1

#Build Date:         Jun 19 2012 09:55:54

#File Generated:     Apr 29 2016 14:38:02

#Purpose:            

#Copyright (C) 2010-2011 by Softjin Technologies Pvt Ltd. All rights reserved.

#***************************************************************************

Executing : C:\Program Files\Cypress\PSoC Creator\2.1\PSoC Creator\bin/sjplacer.exe --proj-name BallCatcher --netlist-vh2 BallCatcher_p.vh2 --arch-file C:\Program Files\Cypress\PSoC Creator\2.1\PSoC Creator\dev/psoc3/psoc35_placer.ark --rrg-file C:\Program Files\Cypress\PSoC Creator\2.1\PSoC Creator\dev/psoc3/route_arch-rrg.cydata --irq-file C:\Program Files\Cypress\PSoC Creator\2.1\PSoC Creator\dev/psoc3/psoc3_irqconn.cydata --drq-file C:\Program Files\Cypress\PSoC Creator\2.1\PSoC Creator\dev/psoc3/psoc3_dmaconn.cydata --dsi-conn-file C:\Program Files\Cypress\PSoC Creator\2.1\PSoC Creator\dev/psoc3/psoc3_dsiconn.cydata --pins-file PSoC3_Leopard_100-TQFP.xml --lib-file BallCatcher_p.lib --sdc-file BallCatcher.sdc --io-pcf BallCatcher.pci --outdir .

		Softjin Techologies Placer, Version 1.1

Build Date : Jun 19 2012	09:59:06

D2004: Option and Settings Summary
=============================================================
Netlist vh2 file          - BallCatcher_p.vh2
Architecture file         - C:\Program Files\Cypress\PSoC Creator\2.1\PSoC Creator\dev/psoc3/psoc35_placer.ark
Package                   - 
Defparam file             - 
SDC file                  - BallCatcher.sdc
Output directory          - .
Timing library            - BallCatcher_p.lib
IO Placement file         - BallCatcher.pci

D2050: Starting reading inputs for placer
=============================================================
D2065: Reading netlist file : "BallCatcher_p.vh2"
D2065: Reading arch file : "C:\Program Files\Cypress\PSoC Creator\2.1\PSoC Creator\dev/psoc3/psoc35_placer.ark"
D2051: Reading of inputs for placer completed successfully

D2053: Starting placement of the design
=============================================================

Phase 2
Phase 3

Design Statistics after Packing
    Number of Combinational MCs 	:	7
    Number of Sequential MCs    	:	25
    Number of DPs               	:	5
    Number of Controls          	:	5
    Number of Status            	:	3
    Number of SyncCells         	:	0
    Number of count7cells       	:	0

Device Utilization Summary after Packing
    Macrocells                  :	32/192
    UDBS                        :	8/24
    IOs                         :	20/672


D2088: Phase 3, elapsed time : 0.0 (sec)

Phase 4
D2088: Phase 4, elapsed time : 0.0 (sec)

Phase 5
D2088: Phase 5, elapsed time : 0.0 (sec)

Phase 6

######################################################################
Placement Timing Summary

The timing summary is based on estimated routing delays after
placement. For final timing report, please carry out the timing
analysis after routing.
======================================================================

######################################################################
                     Clock Summary 
======================================================================
Number of clocks: 14
Clock: ADC_Ext_CP_Clk       | Frequency: N/A       | Target:   1.0 MHz
Clock: ADC_Ext_CP_Clk(routed) | Frequency: N/A       | Target:   1.0 MHz
Clock: ADC_theACLK          | Frequency: N/A       | Target:   0.1 MHz
Clock: Clock_2              | Frequency:  53.4 MHz | Target:   0.0 MHz
Clock: CyBUS_CLK            | Frequency:  45.6 MHz | Target:  24.0 MHz
Clock: CyILO                | Frequency: N/A       | Target:   0.0 MHz
Clock: CyIMO                | Frequency: N/A       | Target:   3.0 MHz
Clock: CyMASTER_CLK         | Frequency:  42.6 MHz | Target:  24.0 MHz
Clock: CyPLL_OUT            | Frequency: N/A       | Target:  24.0 MHz
Clock: PWM_clk              | Frequency: N/A       | Target:   8.0 MHz
Clock: pan_reset_clk        | Frequency:  42.6 MHz | Target:   1.0 MHz
Clock: tilt_reset_clk       | Frequency:  42.6 MHz | Target:   1.0 MHz
Clock: timer_clock          | Frequency:  36.5 MHz | Target:   1.0 MHz
Clock: timer_clock_1        | Frequency:  36.5 MHz | Target:   1.0 MHz

======================================================================
                     End of Clock Summary
######################################################################

D2088: Phase 6, elapsed time : 0.2 (sec)

Phase 7
######################################################################
                     Clock Summary 
======================================================================
Number of clocks: 14
Clock: ADC_Ext_CP_Clk       | Frequency: N/A       | Target:   1.0 MHz
Clock: ADC_Ext_CP_Clk(routed) | Frequency: N/A       | Target:   1.0 MHz
Clock: ADC_theACLK          | Frequency: N/A       | Target:   0.1 MHz
Clock: Clock_2              | Frequency:   3.8 MHz | Target:   0.0 MHz
Clock: CyBUS_CLK            | Frequency:   2.5 MHz | Target:  24.0 MHz
Clock: CyILO                | Frequency: N/A       | Target:   0.0 MHz
Clock: CyIMO                | Frequency: N/A       | Target:   3.0 MHz
Clock: CyMASTER_CLK         | Frequency:  40.6 MHz | Target:  24.0 MHz
Clock: CyPLL_OUT            | Frequency: N/A       | Target:  24.0 MHz
Clock: PWM_clk              | Frequency: N/A       | Target:   8.0 MHz
Clock: pan_reset_clk        | Frequency:  40.6 MHz | Target:   1.0 MHz
Clock: tilt_reset_clk       | Frequency:  44.7 MHz | Target:   1.0 MHz
Clock: timer_clock          | Frequency:   2.6 MHz | Target:   1.0 MHz
Clock: timer_clock_1        | Frequency:   2.5 MHz | Target:   1.0 MHz

======================================================================
                     End of Clock Summary
######################################################################
D2088: Phase 7, elapsed time : 1.4 (sec)

Final Design Statistics
    Number of Combinational MCs 	:	7
    Number of Sequential MCs    	:	25
    Number of DPs               	:	5
    Number of Controls          	:	5
    Number of Status            	:	3
    Number of SyncCells         	:	0
    Number of count7cells       	:	0
    Number of IOs       	:	20

Device Utilization Summary
    Macrocells                  :	32/192
    IOs                         :	20/672



######################################################################
Placement Timing Summary

The timing summary is based on estimated routing delays after
placement. For final timing report, please carry out the timing
analysis after routing.
======================================================================


######################################################################
                     Clock Summary 
======================================================================
Number of clocks: 14
Clock: ADC_Ext_CP_Clk       | Frequency: N/A       | Target:   1.0 MHz
Clock: ADC_Ext_CP_Clk(routed) | Frequency: N/A       | Target:   1.0 MHz
Clock: ADC_theACLK          | Frequency: N/A       | Target:   0.1 MHz
Clock: Clock_2              | Frequency:   3.8 MHz | Target:   0.0 MHz
Clock: CyBUS_CLK            | Frequency:   2.5 MHz | Target:  24.0 MHz
Clock: CyILO                | Frequency: N/A       | Target:   0.0 MHz
Clock: CyIMO                | Frequency: N/A       | Target:   3.0 MHz
Clock: CyMASTER_CLK         | Frequency:  39.3 MHz | Target:  24.0 MHz
Clock: CyPLL_OUT            | Frequency: N/A       | Target:  24.0 MHz
Clock: PWM_clk              | Frequency: N/A       | Target:   8.0 MHz
Clock: pan_reset_clk        | Frequency:  43.6 MHz | Target:   1.0 MHz
Clock: tilt_reset_clk       | Frequency:  39.3 MHz | Target:   1.0 MHz
Clock: timer_clock          | Frequency:   2.6 MHz | Target:   1.0 MHz
Clock: timer_clock_1        | Frequency:   2.5 MHz | Target:   1.0 MHz

======================================================================
                     End of Clock Summary
######################################################################

Phase 8
D2088: Phase 8, elapsed time : 0.0 (sec)

D2054: Placement of the design completed successfully

I2076: Total run-time: 3.9 sec.

